# JRE version: Java(TM) SE Runtime Environment (8.0_341-b10) (build 1.8.0_341-b10)
# Java VM: Java HotSpot(TM) 64-Bit Server VM (25.341-b10 mixed mode windows-amd64 compressed oops)
Heap:
 PSYoungGen      total 222208K, used 212496K [0x00000000d5f80000, 0x00000000e5500000, 0x0000000100000000)
  eden space 210944K, 95% used [0x00000000d5f80000,0x00000000e2410100,0x00000000e2d80000)
  from space 11264K, 99% used [0x00000000e4a00000,0x00000000e54f41c0,0x00000000e5500000)
  to   space 15872K, 0% used [0x00000000e3600000,0x00000000e3600000,0x00000000e4580000)
 ParOldGen       total 120320K, used 25550K [0x0000000081e00000, 0x0000000089380000, 0x00000000d5f80000)
  object space 120320K, 21% used [0x0000000081e00000,0x00000000836f39d8,0x0000000089380000)
 Metaspace       used 68582K, capacity 72650K, committed 72832K, reserved 1112064K
  class space    used 8813K, capacity 9478K, committed 9600K, reserved 1048576K
GC Heap History (10 events):
Event: 3.532 GC heap before
{Heap before GC invocations=9 (full 2):
 PSYoungGen      total 139776K, used 8179K [0x00000000d5f80000, 0x00000000e2380000, 0x0000000100000000)
  eden space 131584K, 0% used [0x00000000d5f80000,0x00000000d5f80000,0x00000000de000000)
  from space 8192K, 99% used [0x00000000de000000,0x00000000de7fcf68,0x00000000de800000)
  to   space 11264K, 0% used [0x00000000e1880000,0x00000000e1880000,0x00000000e2380000)
 ParOldGen       total 53248K, used 10020K [0x0000000081e00000, 0x0000000085200000, 0x00000000d5f80000)
  object space 53248K, 18% used [0x0000000081e00000,0x00000000827c93f8,0x0000000085200000)
 Metaspace       used 33438K, capacity 35430K, committed 35496K, reserved 1081344K
  class space    used 4229K, capacity 4594K, committed 4608K, reserved 1048576K
Event: 3.575 GC heap after
Heap after GC invocations=9 (full 2):
 PSYoungGen      total 139776K, used 0K [0x00000000d5f80000, 0x00000000e2380000, 0x0000000100000000)
  eden space 131584K, 0% used [0x00000000d5f80000,0x00000000d5f80000,0x00000000de000000)
  from space 8192K, 0% used [0x00000000de000000,0x00000000de000000,0x00000000de800000)
  to   space 11264K, 0% used [0x00000000e1880000,0x00000000e1880000,0x00000000e2380000)
 ParOldGen       total 86016K, used 15848K [0x0000000081e00000, 0x0000000087200000, 0x00000000d5f80000)
  object space 86016K, 18% used [0x0000000081e00000,0x0000000082d7a0a8,0x0000000087200000)
 Metaspace       used 33438K, capacity 35430K, committed 35496K, reserved 1081344K
  class space    used 4229K, capacity 4594K, committed 4608K, reserved 1048576K
}
Event: 4.755 GC heap before
{Heap before GC invocations=10 (full 2):
 PSYoungGen      total 139776K, used 131584K [0x00000000d5f80000, 0x00000000e2380000, 0x0000000100000000)
  eden space 131584K, 100% used [0x00000000d5f80000,0x00000000de000000,0x00000000de000000)
  from space 8192K, 0% used [0x00000000de000000,0x00000000de000000,0x00000000de800000)
  to   space 11264K, 0% used [0x00000000e1880000,0x00000000e1880000,0x00000000e2380000)
 ParOldGen       total 86016K, used 15848K [0x0000000081e00000, 0x0000000087200000, 0x00000000d5f80000)
  object space 86016K, 18% used [0x0000000081e00000,0x0000000082d7a0a8,0x0000000087200000)
 Metaspace       used 45328K, capacity 47626K, committed 47872K, reserved 1091584K
  class space    used 5949K, capacity 6374K, committed 6400K, reserved 1048576K
Event: 4.768 GC heap after
Heap after GC invocations=10 (full 2):
 PSYoungGen      total 187904K, used 11233K [0x00000000d5f80000, 0x00000000e3580000, 0x0000000100000000)
  eden space 176640K, 0% used [0x00000000d5f80000,0x00000000d5f80000,0x00000000e0c00000)
  from space 11264K, 99% used [0x00000000e1880000,0x00000000e23784c0,0x00000000e2380000)
  to   space 12800K, 0% used [0x00000000e0c00000,0x00000000e0c00000,0x00000000e1880000)
 ParOldGen       total 86016K, used 16893K [0x0000000081e00000, 0x0000000087200000, 0x00000000d5f80000)
  object space 86016K, 19% used [0x0000000081e00000,0x0000000082e7f460,0x0000000087200000)
 Metaspace       used 45328K, capacity 47626K, committed 47872K, reserved 1091584K
  class space    used 5949K, capacity 6374K, committed 6400K, reserved 1048576K
}
Event: 5.987 GC heap before
{Heap before GC invocations=11 (full 2):
 PSYoungGen      total 187904K, used 130509K [0x00000000d5f80000, 0x00000000e3580000, 0x0000000100000000)
  eden space 176640K, 67% used [0x00000000d5f80000,0x00000000dd3fb208,0x00000000e0c00000)
  from space 11264K, 99% used [0x00000000e1880000,0x00000000e23784c0,0x00000000e2380000)
  to   space 12800K, 0% used [0x00000000e0c00000,0x00000000e0c00000,0x00000000e1880000)
 ParOldGen       total 86016K, used 16893K [0x0000000081e00000, 0x0000000087200000, 0x00000000d5f80000)
  object space 86016K, 19% used [0x0000000081e00000,0x0000000082e7f460,0x0000000087200000)
 Metaspace       used 56039K, capacity 59102K, committed 59160K, reserved 1099776K
  class space    used 7505K, capacity 8034K, committed 8064K, reserved 1048576K
Event: 6.000 GC heap after
Heap after GC invocations=11 (full 2):
 PSYoungGen      total 189440K, used 12770K [0x00000000d5f80000, 0x00000000e5980000, 0x0000000100000000)
  eden space 176640K, 0% used [0x00000000d5f80000,0x00000000d5f80000,0x00000000e0c00000)
  from space 12800K, 99% used [0x00000000e0c00000,0x00000000e1878990,0x00000000e1880000)
  to   space 15872K, 0% used [0x00000000e4a00000,0x00000000e4a00000,0x00000000e5980000)
 ParOldGen       total 86016K, used 19488K [0x0000000081e00000, 0x0000000087200000, 0x00000000d5f80000)
  object space 86016K, 22% used [0x0000000081e00000,0x0000000083108220,0x0000000087200000)
 Metaspace       used 56039K, capacity 59102K, committed 59160K, reserved 1099776K
  class space    used 7505K, capacity 8034K, committed 8064K, reserved 1048576K
}
Event: 6.000 GC heap before
{Heap before GC invocations=12 (full 3):
 PSYoungGen      total 189440K, used 12770K [0x00000000d5f80000, 0x00000000e5980000, 0x0000000100000000)
  eden space 176640K, 0% used [0x00000000d5f80000,0x00000000d5f80000,0x00000000e0c00000)
  from space 12800K, 99% used [0x00000000e0c00000,0x00000000e1878990,0x00000000e1880000)
  to   space 15872K, 0% used [0x00000000e4a00000,0x00000000e4a00000,0x00000000e5980000)
 ParOldGen       total 86016K, used 19488K [0x0000000081e00000, 0x0000000087200000, 0x00000000d5f80000)
  object space 86016K, 22% used [0x0000000081e00000,0x0000000083108220,0x0000000087200000)
 Metaspace       used 56039K, capacity 59102K, committed 59160K, reserved 1099776K
  class space    used 7505K, capacity 8034K, committed 8064K, reserved 1048576K
Event: 6.078 GC heap after
Heap after GC invocations=12 (full 3):
 PSYoungGen      total 189440K, used 0K [0x00000000d5f80000, 0x00000000e5980000, 0x0000000100000000)
  eden space 176640K, 0% used [0x00000000d5f80000,0x00000000d5f80000,0x00000000e0c00000)
  from space 12800K, 0% used [0x00000000e0c00000,0x00000000e0c00000,0x00000000e1880000)
  to   space 15872K, 0% used [0x00000000e4a00000,0x00000000e4a00000,0x00000000e5980000)
 ParOldGen       total 120320K, used 25542K [0x0000000081e00000, 0x0000000089380000, 0x00000000d5f80000)
  object space 120320K, 21% used [0x0000000081e00000,0x00000000836f19d8,0x0000000089380000)
 Metaspace       used 56039K, capacity 59102K, committed 59160K, reserved 1099776K
  class space    used 7505K, capacity 8034K, committed 8064K, reserved 1048576K
}
Event: 330.457 GC heap before
{Heap before GC invocations=13 (full 3):
 PSYoungGen      total 189440K, used 176640K [0x00000000d5f80000, 0x00000000e5980000, 0x0000000100000000)
  eden space 176640K, 100% used [0x00000000d5f80000,0x00000000e0c00000,0x00000000e0c00000)
  from space 12800K, 0% used [0x00000000e0c00000,0x00000000e0c00000,0x00000000e1880000)
  to   space 15872K, 0% used [0x00000000e4a00000,0x00000000e4a00000,0x00000000e5980000)
 ParOldGen       total 120320K, used 25542K [0x0000000081e00000, 0x0000000089380000, 0x00000000d5f80000)
  object space 120320K, 21% used [0x0000000081e00000,0x00000000836f19d8,0x0000000089380000)
 Metaspace       used 67018K, capacity 71040K, committed 71168K, reserved 1112064K
  class space    used 8675K, capacity 9345K, committed 9472K, reserved 1048576K
Event: 330.470 GC heap after
Heap after GC invocations=13 (full 3):
 PSYoungGen      total 222208K, used 11216K [0x00000000d5f80000, 0x00000000e5500000, 0x0000000100000000)
  eden space 210944K, 0% used [0x00000000d5f80000,0x00000000d5f80000,0x00000000e2d80000)
  from space 11264K, 99% used [0x00000000e4a00000,0x00000000e54f41c0,0x00000000e5500000)
  to   space 15872K, 0% used [0x00000000e3600000,0x00000000e3600000,0x00000000e4580000)
 ParOldGen       total 120320K, used 25550K [0x0000000081e00000, 0x0000000089380000, 0x00000000d5f80000)
  object space 120320K, 21% used [0x0000000081e00000,0x00000000836f39d8,0x0000000089380000)
 Metaspace       used 67018K, capacity 71040K, committed 71168K, reserved 1112064K
  class space    used 8675K, capacity 9345K, committed 9472K, reserved 1048576K
}

