# JRE version: Java(TM) SE Runtime Environment (8.0_341-b10) (build 1.8.0_341-b10)
# Java VM: Java HotSpot(TM) 64-Bit Server VM (25.341-b10 mixed mode windows-amd64 compressed oops)
Heap:
 PSYoungGen      total 179200K, used 130582K [0x00000000d5f80000, 0x00000000e4c80000, 0x0000000100000000)
  eden space 166400K, 78% used [0x00000000d5f80000,0x00000000ddf05a50,0x00000000e0200000)
  from space 12800K, 0% used [0x00000000e0200000,0x00000000e0200000,0x00000000e0e80000)
  to   space 15360K, 0% used [0x00000000e3d80000,0x00000000e3d80000,0x00000000e4c80000)
 ParOldGen       total 122368K, used 25430K [0x0000000081e00000, 0x0000000089580000, 0x00000000d5f80000)
  object space 122368K, 20% used [0x0000000081e00000,0x00000000836d5a68,0x0000000089580000)
 Metaspace       used 65722K, capacity 69858K, committed 69888K, reserved 1110016K
  class space    used 8779K, capacity 9462K, committed 9472K, reserved 1048576K
GC Heap History (10 events):
Event: 3.627 GC heap before
{Heap before GC invocations=8 (full 1):
 PSYoungGen      total 114176K, used 98849K [0x00000000d5f80000, 0x00000000df000000, 0x0000000100000000)
  eden space 107520K, 85% used [0x00000000d5f80000,0x00000000db9aae18,0x00000000dc880000)
  from space 6656K, 97% used [0x00000000de980000,0x00000000defdd6c0,0x00000000df000000)
  to   space 8192K, 0% used [0x00000000de000000,0x00000000de000000,0x00000000de800000)
 ParOldGen       total 54272K, used 6398K [0x0000000081e00000, 0x0000000085300000, 0x00000000d5f80000)
  object space 54272K, 11% used [0x0000000081e00000,0x000000008243fb78,0x0000000085300000)
 Metaspace       used 33313K, capacity 35284K, committed 35416K, reserved 1081344K
  class space    used 4213K, capacity 4561K, committed 4608K, reserved 1048576K
Event: 3.635 GC heap after
Heap after GC invocations=8 (full 1):
 PSYoungGen      total 139776K, used 8178K [0x00000000d5f80000, 0x00000000e1900000, 0x0000000100000000)
  eden space 131584K, 0% used [0x00000000d5f80000,0x00000000d5f80000,0x00000000de000000)
  from space 8192K, 99% used [0x00000000de000000,0x00000000de7fcb50,0x00000000de800000)
  to   space 10752K, 0% used [0x00000000e0e80000,0x00000000e0e80000,0x00000000e1900000)
 ParOldGen       total 54272K, used 9713K [0x0000000081e00000, 0x0000000085300000, 0x00000000d5f80000)
  object space 54272K, 17% used [0x0000000081e00000,0x000000008277c550,0x0000000085300000)
 Metaspace       used 33313K, capacity 35284K, committed 35416K, reserved 1081344K
  class space    used 4213K, capacity 4561K, committed 4608K, reserved 1048576K
}
Event: 3.635 GC heap before
{Heap before GC invocations=9 (full 2):
 PSYoungGen      total 139776K, used 8178K [0x00000000d5f80000, 0x00000000e1900000, 0x0000000100000000)
  eden space 131584K, 0% used [0x00000000d5f80000,0x00000000d5f80000,0x00000000de000000)
  from space 8192K, 99% used [0x00000000de000000,0x00000000de7fcb50,0x00000000de800000)
  to   space 10752K, 0% used [0x00000000e0e80000,0x00000000e0e80000,0x00000000e1900000)
 ParOldGen       total 54272K, used 9713K [0x0000000081e00000, 0x0000000085300000, 0x00000000d5f80000)
  object space 54272K, 17% used [0x0000000081e00000,0x000000008277c550,0x0000000085300000)
 Metaspace       used 33313K, capacity 35284K, committed 35416K, reserved 1081344K
  class space    used 4213K, capacity 4561K, committed 4608K, reserved 1048576K
Event: 3.675 GC heap after
Heap after GC invocations=9 (full 2):
 PSYoungGen      total 139776K, used 0K [0x00000000d5f80000, 0x00000000e1900000, 0x0000000100000000)
  eden space 131584K, 0% used [0x00000000d5f80000,0x00000000d5f80000,0x00000000de000000)
  from space 8192K, 0% used [0x00000000de000000,0x00000000de000000,0x00000000de800000)
  to   space 10752K, 0% used [0x00000000e0e80000,0x00000000e0e80000,0x00000000e1900000)
 ParOldGen       total 87040K, used 15620K [0x0000000081e00000, 0x0000000087300000, 0x00000000d5f80000)
  object space 87040K, 17% used [0x0000000081e00000,0x0000000082d41060,0x0000000087300000)
 Metaspace       used 33313K, capacity 35284K, committed 35416K, reserved 1081344K
  class space    used 4213K, capacity 4561K, committed 4608K, reserved 1048576K
}
Event: 4.893 GC heap before
{Heap before GC invocations=10 (full 2):
 PSYoungGen      total 139776K, used 131584K [0x00000000d5f80000, 0x00000000e1900000, 0x0000000100000000)
  eden space 131584K, 100% used [0x00000000d5f80000,0x00000000de000000,0x00000000de000000)
  from space 8192K, 0% used [0x00000000de000000,0x00000000de000000,0x00000000de800000)
  to   space 10752K, 0% used [0x00000000e0e80000,0x00000000e0e80000,0x00000000e1900000)
 ParOldGen       total 87040K, used 15620K [0x0000000081e00000, 0x0000000087300000, 0x00000000d5f80000)
  object space 87040K, 17% used [0x0000000081e00000,0x0000000082d41060,0x0000000087300000)
 Metaspace       used 45300K, capacity 47638K, committed 47872K, reserved 1091584K
  class space    used 5942K, capacity 6374K, committed 6400K, reserved 1048576K
Event: 4.903 GC heap after
Heap after GC invocations=10 (full 2):
 PSYoungGen      total 177152K, used 10737K [0x00000000d5f80000, 0x00000000e3680000, 0x0000000100000000)
  eden space 166400K, 0% used [0x00000000d5f80000,0x00000000d5f80000,0x00000000e0200000)
  from space 10752K, 99% used [0x00000000e0e80000,0x00000000e18fc708,0x00000000e1900000)
  to   space 12800K, 0% used [0x00000000e0200000,0x00000000e0200000,0x00000000e0e80000)
 ParOldGen       total 87040K, used 17239K [0x0000000081e00000, 0x0000000087300000, 0x00000000d5f80000)
  object space 87040K, 19% used [0x0000000081e00000,0x0000000082ed5c10,0x0000000087300000)
 Metaspace       used 45300K, capacity 47638K, committed 47872K, reserved 1091584K
  class space    used 5942K, capacity 6374K, committed 6400K, reserved 1048576K
}
Event: 6.288 GC heap before
{Heap before GC invocations=11 (full 2):
 PSYoungGen      total 177152K, used 131634K [0x00000000d5f80000, 0x00000000e3680000, 0x0000000100000000)
  eden space 166400K, 72% used [0x00000000d5f80000,0x00000000dd590338,0x00000000e0200000)
  from space 10752K, 99% used [0x00000000e0e80000,0x00000000e18fc708,0x00000000e1900000)
  to   space 12800K, 0% used [0x00000000e0200000,0x00000000e0200000,0x00000000e0e80000)
 ParOldGen       total 87040K, used 17239K [0x0000000081e00000, 0x0000000087300000, 0x00000000d5f80000)
  object space 87040K, 19% used [0x0000000081e00000,0x0000000082ed5c10,0x0000000087300000)
 Metaspace       used 55894K, capacity 58960K, committed 59008K, reserved 1099776K
  class space    used 7492K, capacity 8029K, committed 8064K, reserved 1048576K
Event: 6.300 GC heap after
Heap after GC invocations=11 (full 2):
 PSYoungGen      total 179200K, used 12771K [0x00000000d5f80000, 0x00000000e4c80000, 0x0000000100000000)
  eden space 166400K, 0% used [0x00000000d5f80000,0x00000000d5f80000,0x00000000e0200000)
  from space 12800K, 99% used [0x00000000e0200000,0x00000000e0e78e58,0x00000000e0e80000)
  to   space 15360K, 0% used [0x00000000e3d80000,0x00000000e3d80000,0x00000000e4c80000)
 ParOldGen       total 87040K, used 19785K [0x0000000081e00000, 0x0000000087300000, 0x00000000d5f80000)
  object space 87040K, 22% used [0x0000000081e00000,0x0000000083152718,0x0000000087300000)
 Metaspace       used 55894K, capacity 58960K, committed 59008K, reserved 1099776K
  class space    used 7492K, capacity 8029K, committed 8064K, reserved 1048576K
}
Event: 6.300 GC heap before
{Heap before GC invocations=12 (full 3):
 PSYoungGen      total 179200K, used 12771K [0x00000000d5f80000, 0x00000000e4c80000, 0x0000000100000000)
  eden space 166400K, 0% used [0x00000000d5f80000,0x00000000d5f80000,0x00000000e0200000)
  from space 12800K, 99% used [0x00000000e0200000,0x00000000e0e78e58,0x00000000e0e80000)
  to   space 15360K, 0% used [0x00000000e3d80000,0x00000000e3d80000,0x00000000e4c80000)
 ParOldGen       total 87040K, used 19785K [0x0000000081e00000, 0x0000000087300000, 0x00000000d5f80000)
  object space 87040K, 22% used [0x0000000081e00000,0x0000000083152718,0x0000000087300000)
 Metaspace       used 55894K, capacity 58960K, committed 59008K, reserved 1099776K
  class space    used 7492K, capacity 8029K, committed 8064K, reserved 1048576K
Event: 6.371 GC heap after
Heap after GC invocations=12 (full 3):
 PSYoungGen      total 179200K, used 0K [0x00000000d5f80000, 0x00000000e4c80000, 0x0000000100000000)
  eden space 166400K, 0% used [0x00000000d5f80000,0x00000000d5f80000,0x00000000e0200000)
  from space 12800K, 0% used [0x00000000e0200000,0x00000000e0200000,0x00000000e0e80000)
  to   space 15360K, 0% used [0x00000000e3d80000,0x00000000e3d80000,0x00000000e4c80000)
 ParOldGen       total 122368K, used 25430K [0x0000000081e00000, 0x0000000089580000, 0x00000000d5f80000)
  object space 122368K, 20% used [0x0000000081e00000,0x00000000836d5a68,0x0000000089580000)
 Metaspace       used 55894K, capacity 58960K, committed 59008K, reserved 1099776K
  class space    used 7492K, capacity 8029K, committed 8064K, reserved 1048576K
}

