# JRE version: OpenJDK Runtime Environment JBR-17.0.6+1-653.34-jcef (17.0.6+1) (build 17.0.6+1-b653.34)
# Java VM: OpenJDK 64-Bit Server VM JBR-17.0.6+1-653.34-jcef (17.0.6+1-b653.34, mixed mode, tiered, compressed oops, compressed class ptrs, g1 gc, windows-amd64)
GC Precious Log:
 CPUs: 6 total, 6 available
 Memory: 8069M
 Large Page Support: Disabled
 NUMA Support: Disabled
 Compressed Oops: Enabled (32-bit)
 Heap Region Size: 1M
 Heap Min Capacity: 8M
 Heap Initial Capacity: 128M
 Heap Max Capacity: 2018M
 Pre-touch: Disabled
 Parallel Workers: 6
 Concurrent Workers: 2
 Concurrent Refinement Workers: 6
 Periodic GC: Disabled
Heap:
 garbage-first heap   total 102400K, used 67655K [0x0000000081e00000, 0x0000000100000000)
  region size 1024K, 41 young (41984K), 1 survivors (1024K)
 Metaspace       used 78550K, committed 78912K, reserved 1122304K
  class space    used 9655K, committed 9856K, reserved 1048576K
GC Heap History (20 events):
Event: 3437.284 GC heap before
{Heap before GC invocations=36 (full 0):
 garbage-first heap   total 54272K, used 44700K [0x0000000081e00000, 0x0000000100000000)
  region size 1024K, 17 young (17408K), 1 survivors (1024K)
 Metaspace       used 78515K, committed 78912K, reserved 1122304K
  class space    used 9654K, committed 9856K, reserved 1048576K
}
Event: 3437.286 GC heap after
{Heap after GC invocations=37 (full 0):
 garbage-first heap   total 54272K, used 28363K [0x0000000081e00000, 0x0000000100000000)
  region size 1024K, 1 young (1024K), 1 survivors (1024K)
 Metaspace       used 78515K, committed 78912K, reserved 1122304K
  class space    used 9654K, committed 9856K, reserved 1048576K
}
Event: 3437.589 GC heap before
{Heap before GC invocations=38 (full 0):
 garbage-first heap   total 54272K, used 44747K [0x0000000081e00000, 0x0000000100000000)
  region size 1024K, 17 young (17408K), 1 survivors (1024K)
 Metaspace       used 78519K, committed 78912K, reserved 1122304K
  class space    used 9654K, committed 9856K, reserved 1048576K
}
Event: 3437.590 GC heap after
{Heap after GC invocations=39 (full 0):
 garbage-first heap   total 54272K, used 28383K [0x0000000081e00000, 0x0000000100000000)
  region size 1024K, 1 young (1024K), 1 survivors (1024K)
 Metaspace       used 78519K, committed 78912K, reserved 1122304K
  class space    used 9654K, committed 9856K, reserved 1048576K
}
Event: 3437.606 GC heap before
{Heap before GC invocations=39 (full 0):
 garbage-first heap   total 54272K, used 29407K [0x0000000081e00000, 0x0000000100000000)
  region size 1024K, 2 young (2048K), 1 survivors (1024K)
 Metaspace       used 78519K, committed 78912K, reserved 1122304K
  class space    used 9654K, committed 9856K, reserved 1048576K
}
Event: 3437.608 GC heap after
{Heap after GC invocations=40 (full 0):
 garbage-first heap   total 54272K, used 28104K [0x0000000081e00000, 0x0000000100000000)
  region size 1024K, 1 young (1024K), 1 survivors (1024K)
 Metaspace       used 78519K, committed 78912K, reserved 1122304K
  class space    used 9654K, committed 9856K, reserved 1048576K
}
Event: 3437.763 GC heap before
{Heap before GC invocations=40 (full 0):
 garbage-first heap   total 54272K, used 44488K [0x0000000081e00000, 0x0000000100000000)
  region size 1024K, 17 young (17408K), 1 survivors (1024K)
 Metaspace       used 78538K, committed 78912K, reserved 1122304K
  class space    used 9655K, committed 9856K, reserved 1048576K
}
Event: 3437.765 GC heap after
{Heap after GC invocations=41 (full 0):
 garbage-first heap   total 54272K, used 28309K [0x0000000081e00000, 0x0000000100000000)
  region size 1024K, 1 young (1024K), 1 survivors (1024K)
 Metaspace       used 78538K, committed 78912K, reserved 1122304K
  class space    used 9655K, committed 9856K, reserved 1048576K
}
Event: 3437.901 GC heap before
{Heap before GC invocations=42 (full 0):
 garbage-first heap   total 55296K, used 44693K [0x0000000081e00000, 0x0000000100000000)
  region size 1024K, 17 young (17408K), 1 survivors (1024K)
 Metaspace       used 78548K, committed 78912K, reserved 1122304K
  class space    used 9655K, committed 9856K, reserved 1048576K
}
Event: 3437.903 GC heap after
{Heap after GC invocations=43 (full 0):
 garbage-first heap   total 55296K, used 28269K [0x0000000081e00000, 0x0000000100000000)
  region size 1024K, 1 young (1024K), 1 survivors (1024K)
 Metaspace       used 78548K, committed 78912K, reserved 1122304K
  class space    used 9655K, committed 9856K, reserved 1048576K
}
Event: 3437.905 GC heap before
{Heap before GC invocations=43 (full 0):
 garbage-first heap   total 55296K, used 29293K [0x0000000081e00000, 0x0000000100000000)
  region size 1024K, 2 young (2048K), 1 survivors (1024K)
 Metaspace       used 78548K, committed 78912K, reserved 1122304K
  class space    used 9655K, committed 9856K, reserved 1048576K
}
Event: 3437.908 GC heap after
{Heap after GC invocations=44 (full 0):
 garbage-first heap   total 55296K, used 28095K [0x0000000081e00000, 0x0000000100000000)
  region size 1024K, 1 young (1024K), 1 survivors (1024K)
 Metaspace       used 78548K, committed 78912K, reserved 1122304K
  class space    used 9655K, committed 9856K, reserved 1048576K
}
Event: 3438.265 GC heap before
{Heap before GC invocations=44 (full 0):
 garbage-first heap   total 55296K, used 47551K [0x0000000081e00000, 0x0000000100000000)
  region size 1024K, 20 young (20480K), 1 survivors (1024K)
 Metaspace       used 78548K, committed 78912K, reserved 1122304K
  class space    used 9655K, committed 9856K, reserved 1048576K
}
Event: 3438.267 GC heap after
{Heap after GC invocations=45 (full 0):
 garbage-first heap   total 55296K, used 27978K [0x0000000081e00000, 0x0000000100000000)
  region size 1024K, 1 young (1024K), 1 survivors (1024K)
 Metaspace       used 78548K, committed 78912K, reserved 1122304K
  class space    used 9655K, committed 9856K, reserved 1048576K
}
Event: 3438.620 GC heap before
{Heap before GC invocations=46 (full 0):
 garbage-first heap   total 55296K, used 47434K [0x0000000081e00000, 0x0000000100000000)
  region size 1024K, 20 young (20480K), 1 survivors (1024K)
 Metaspace       used 78548K, committed 78912K, reserved 1122304K
  class space    used 9655K, committed 9856K, reserved 1048576K
}
Event: 3438.622 GC heap after
{Heap after GC invocations=47 (full 0):
 garbage-first heap   total 55296K, used 27971K [0x0000000081e00000, 0x0000000100000000)
  region size 1024K, 1 young (1024K), 1 survivors (1024K)
 Metaspace       used 78548K, committed 78912K, reserved 1122304K
  class space    used 9655K, committed 9856K, reserved 1048576K
}
Event: 3438.637 GC heap before
{Heap before GC invocations=47 (full 0):
 garbage-first heap   total 55296K, used 28995K [0x0000000081e00000, 0x0000000100000000)
  region size 1024K, 2 young (2048K), 1 survivors (1024K)
 Metaspace       used 78548K, committed 78912K, reserved 1122304K
  class space    used 9655K, committed 9856K, reserved 1048576K
}
Event: 3438.640 GC heap after
{Heap after GC invocations=48 (full 0):
 garbage-first heap   total 55296K, used 27682K [0x0000000081e00000, 0x0000000100000000)
  region size 1024K, 1 young (1024K), 1 survivors (1024K)
 Metaspace       used 78548K, committed 78912K, reserved 1122304K
  class space    used 9655K, committed 9856K, reserved 1048576K
}
Event: 3438.983 GC heap before
{Heap before GC invocations=48 (full 0):
 garbage-first heap   total 55296K, used 47138K [0x0000000081e00000, 0x0000000100000000)
  region size 1024K, 20 young (20480K), 1 survivors (1024K)
 Metaspace       used 78548K, committed 78912K, reserved 1122304K
  class space    used 9655K, committed 9856K, reserved 1048576K
}
Event: 3438.985 GC heap after
{Heap after GC invocations=49 (full 0):
 garbage-first heap   total 132096K, used 27719K [0x0000000081e00000, 0x0000000100000000)
  region size 1024K, 1 young (1024K), 1 survivors (1024K)
 Metaspace       used 78548K, committed 78912K, reserved 1122304K
  class space    used 9655K, committed 9856K, reserved 1048576K
}

