# JRE version: Java(TM) SE Runtime Environment (8.0_341-b10) (build 1.8.0_341-b10)
# Java VM: Java HotSpot(TM) 64-Bit Server VM (25.341-b10 mixed mode windows-amd64 compressed oops)
Heap:
 PSYoungGen      total 215552K, used 148462K [0x00000000d5f80000, 0x00000000e4c00000, 0x0000000100000000)
  eden space 202240K, 67% used [0x00000000d5f80000,0x00000000de3f9750,0x00000000e2500000)
  from space 13312K, 96% used [0x00000000e3f00000,0x00000000e4b82108,0x00000000e4c00000)
  to   space 16384K, 0% used [0x00000000e2c00000,0x00000000e2c00000,0x00000000e3c00000)
 ParOldGen       total 125440K, used 25494K [0x0000000081e00000, 0x0000000089880000, 0x00000000d5f80000)
  object space 125440K, 20% used [0x0000000081e00000,0x00000000836e59c8,0x0000000089880000)
 Metaspace       used 68954K, capacity 73392K, committed 73600K, reserved 1114112K
  class space    used 8867K, capacity 9569K, committed 9600K, reserved 1048576K
GC Heap History (10 events):
Event: 3.784 GC heap before
{Heap before GC invocations=9 (full 2):
 PSYoungGen      total 139264K, used 8674K [0x00000000d5f80000, 0x00000000e1d00000, 0x0000000100000000)
  eden space 130560K, 0% used [0x00000000d5f80000,0x00000000d5f80000,0x00000000ddf00000)
  from space 8704K, 99% used [0x00000000ddf00000,0x00000000de778a80,0x00000000de780000)
  to   space 11264K, 0% used [0x00000000e1200000,0x00000000e1200000,0x00000000e1d00000)
 ParOldGen       total 54272K, used 9474K [0x0000000081e00000, 0x0000000085300000, 0x00000000d5f80000)
  object space 54272K, 17% used [0x0000000081e00000,0x0000000082740a38,0x0000000085300000)
 Metaspace       used 33441K, capacity 35426K, committed 35496K, reserved 1081344K
  class space    used 4229K, capacity 4594K, committed 4608K, reserved 1048576K
Event: 3.832 GC heap after
Heap after GC invocations=9 (full 2):
 PSYoungGen      total 139264K, used 0K [0x00000000d5f80000, 0x00000000e1d00000, 0x0000000100000000)
  eden space 130560K, 0% used [0x00000000d5f80000,0x00000000d5f80000,0x00000000ddf00000)
  from space 8704K, 0% used [0x00000000ddf00000,0x00000000ddf00000,0x00000000de780000)
  to   space 11264K, 0% used [0x00000000e1200000,0x00000000e1200000,0x00000000e1d00000)
 ParOldGen       total 89600K, used 15901K [0x0000000081e00000, 0x0000000087580000, 0x00000000d5f80000)
  object space 89600K, 17% used [0x0000000081e00000,0x0000000082d87490,0x0000000087580000)
 Metaspace       used 33441K, capacity 35426K, committed 35496K, reserved 1081344K
  class space    used 4229K, capacity 4594K, committed 4608K, reserved 1048576K
}
Event: 4.959 GC heap before
{Heap before GC invocations=10 (full 2):
 PSYoungGen      total 139264K, used 130560K [0x00000000d5f80000, 0x00000000e1d00000, 0x0000000100000000)
  eden space 130560K, 100% used [0x00000000d5f80000,0x00000000ddf00000,0x00000000ddf00000)
  from space 8704K, 0% used [0x00000000ddf00000,0x00000000ddf00000,0x00000000de780000)
  to   space 11264K, 0% used [0x00000000e1200000,0x00000000e1200000,0x00000000e1d00000)
 ParOldGen       total 89600K, used 15901K [0x0000000081e00000, 0x0000000087580000, 0x00000000d5f80000)
  object space 89600K, 17% used [0x0000000081e00000,0x0000000082d87490,0x0000000087580000)
 Metaspace       used 45519K, capacity 47844K, committed 48128K, reserved 1091584K
  class space    used 5986K, capacity 6389K, committed 6400K, reserved 1048576K
Event: 4.970 GC heap after
Heap after GC invocations=10 (full 2):
 PSYoungGen      total 180736K, used 11233K [0x00000000d5f80000, 0x00000000e2f00000, 0x0000000100000000)
  eden space 169472K, 0% used [0x00000000d5f80000,0x00000000d5f80000,0x00000000e0500000)
  from space 11264K, 99% used [0x00000000e1200000,0x00000000e1cf8778,0x00000000e1d00000)
  to   space 13312K, 0% used [0x00000000e0500000,0x00000000e0500000,0x00000000e1200000)
 ParOldGen       total 89600K, used 17082K [0x0000000081e00000, 0x0000000087580000, 0x00000000d5f80000)
  object space 89600K, 19% used [0x0000000081e00000,0x0000000082eae9f8,0x0000000087580000)
 Metaspace       used 45519K, capacity 47844K, committed 48128K, reserved 1091584K
  class space    used 5986K, capacity 6389K, committed 6400K, reserved 1048576K
}
Event: 6.315 GC heap before
{Heap before GC invocations=11 (full 2):
 PSYoungGen      total 180736K, used 125983K [0x00000000d5f80000, 0x00000000e2f00000, 0x0000000100000000)
  eden space 169472K, 67% used [0x00000000d5f80000,0x00000000dcf8f5b0,0x00000000e0500000)
  from space 11264K, 99% used [0x00000000e1200000,0x00000000e1cf8778,0x00000000e1d00000)
  to   space 13312K, 0% used [0x00000000e0500000,0x00000000e0500000,0x00000000e1200000)
 ParOldGen       total 89600K, used 17082K [0x0000000081e00000, 0x0000000087580000, 0x00000000d5f80000)
  object space 89600K, 19% used [0x0000000081e00000,0x0000000082eae9f8,0x0000000087580000)
 Metaspace       used 56043K, capacity 59098K, committed 59160K, reserved 1099776K
  class space    used 7506K, capacity 8034K, committed 8064K, reserved 1048576K
Event: 6.335 GC heap after
Heap after GC invocations=11 (full 2):
 PSYoungGen      total 182784K, used 13291K [0x00000000d5f80000, 0x00000000e4e80000, 0x0000000100000000)
  eden space 169472K, 0% used [0x00000000d5f80000,0x00000000d5f80000,0x00000000e0500000)
  from space 13312K, 99% used [0x00000000e0500000,0x00000000e11fad80,0x00000000e1200000)
  to   space 15872K, 0% used [0x00000000e3f00000,0x00000000e3f00000,0x00000000e4e80000)
 ParOldGen       total 89600K, used 19034K [0x0000000081e00000, 0x0000000087580000, 0x00000000d5f80000)
  object space 89600K, 21% used [0x0000000081e00000,0x0000000083096898,0x0000000087580000)
 Metaspace       used 56043K, capacity 59098K, committed 59160K, reserved 1099776K
  class space    used 7506K, capacity 8034K, committed 8064K, reserved 1048576K
}
Event: 6.335 GC heap before
{Heap before GC invocations=12 (full 3):
 PSYoungGen      total 182784K, used 13291K [0x00000000d5f80000, 0x00000000e4e80000, 0x0000000100000000)
  eden space 169472K, 0% used [0x00000000d5f80000,0x00000000d5f80000,0x00000000e0500000)
  from space 13312K, 99% used [0x00000000e0500000,0x00000000e11fad80,0x00000000e1200000)
  to   space 15872K, 0% used [0x00000000e3f00000,0x00000000e3f00000,0x00000000e4e80000)
 ParOldGen       total 89600K, used 19034K [0x0000000081e00000, 0x0000000087580000, 0x00000000d5f80000)
  object space 89600K, 21% used [0x0000000081e00000,0x0000000083096898,0x0000000087580000)
 Metaspace       used 56043K, capacity 59098K, committed 59160K, reserved 1099776K
  class space    used 7506K, capacity 8034K, committed 8064K, reserved 1048576K
Event: 6.409 GC heap after
Heap after GC invocations=12 (full 3):
 PSYoungGen      total 182784K, used 0K [0x00000000d5f80000, 0x00000000e4e80000, 0x0000000100000000)
  eden space 169472K, 0% used [0x00000000d5f80000,0x00000000d5f80000,0x00000000e0500000)
  from space 13312K, 0% used [0x00000000e0500000,0x00000000e0500000,0x00000000e1200000)
  to   space 15872K, 0% used [0x00000000e3f00000,0x00000000e3f00000,0x00000000e4e80000)
 ParOldGen       total 125440K, used 25486K [0x0000000081e00000, 0x0000000089880000, 0x00000000d5f80000)
  object space 125440K, 20% used [0x0000000081e00000,0x00000000836e39c8,0x0000000089880000)
 Metaspace       used 56043K, capacity 59098K, committed 59160K, reserved 1099776K
  class space    used 7506K, capacity 8034K, committed 8064K, reserved 1048576K
}
Event: 1784.569 GC heap before
{Heap before GC invocations=13 (full 3):
 PSYoungGen      total 182784K, used 169472K [0x00000000d5f80000, 0x00000000e4e80000, 0x0000000100000000)
  eden space 169472K, 100% used [0x00000000d5f80000,0x00000000e0500000,0x00000000e0500000)
  from space 13312K, 0% used [0x00000000e0500000,0x00000000e0500000,0x00000000e1200000)
  to   space 15872K, 0% used [0x00000000e3f00000,0x00000000e3f00000,0x00000000e4e80000)
 ParOldGen       total 125440K, used 25486K [0x0000000081e00000, 0x0000000089880000, 0x00000000d5f80000)
  object space 125440K, 20% used [0x0000000081e00000,0x00000000836e39c8,0x0000000089880000)
 Metaspace       used 66612K, capacity 70938K, committed 71040K, reserved 1110016K
  class space    used 8814K, capacity 9512K, committed 9600K, reserved 1048576K
Event: 1784.580 GC heap after
Heap after GC invocations=13 (full 3):
 PSYoungGen      total 215552K, used 12808K [0x00000000d5f80000, 0x00000000e4c00000, 0x0000000100000000)
  eden space 202240K, 0% used [0x00000000d5f80000,0x00000000d5f80000,0x00000000e2500000)
  from space 13312K, 96% used [0x00000000e3f00000,0x00000000e4b82108,0x00000000e4c00000)
  to   space 16384K, 0% used [0x00000000e2c00000,0x00000000e2c00000,0x00000000e3c00000)
 ParOldGen       total 125440K, used 25494K [0x0000000081e00000, 0x0000000089880000, 0x00000000d5f80000)
  object space 125440K, 20% used [0x0000000081e00000,0x00000000836e59c8,0x0000000089880000)
 Metaspace       used 66612K, capacity 70938K, committed 71040K, reserved 1110016K
  class space    used 8814K, capacity 9512K, committed 9600K, reserved 1048576K
}

